Determining if the pthread_create exist failed with the following output:
Change Dir: /home/grafue/catkin_ws/src/ORB_SLAM2/Examples/ROS/orb_slam2/cmake-build-debug/CMakeFiles/CMakeTmp

Run Build Command:"/usr/bin/make" "cmTC_22e01/fast"
/usr/bin/make -f CMakeFiles/cmTC_22e01.dir/build.make CMakeFiles/cmTC_22e01.dir/build
make[1]: Entering directory `/home/grafue/catkin_ws/src/ORB_SLAM2/Examples/ROS/orb_slam2/cmake-build-debug/CMakeFiles/CMakeTmp'
Building C object CMakeFiles/cmTC_22e01.dir/CheckSymbolExists.c.o
/usr/bin/cc     -o CMakeFiles/cmTC_22e01.dir/CheckSymbolExists.c.o   -c /home/grafue/catkin_ws/src/ORB_SLAM2/Examples/ROS/orb_slam2/cmake-build-debug/CMakeFiles/CMakeTmp/CheckSymbolExists.c
Linking C executable cmTC_22e01
/home/grafue/clion-2016.2.3/bin/cmake/bin/cmake -E cmake_link_script CMakeFiles/cmTC_22e01.dir/link.txt --verbose=1
/usr/bin/cc       CMakeFiles/cmTC_22e01.dir/CheckSymbolExists.c.o  -o cmTC_22e01 -rdynamic 
CMakeFiles/cmTC_22e01.dir/CheckSymbolExists.c.o: In function `main':
CheckSymbolExists.c:(.text+0x16): undefined reference to `pthread_create'
collect2: error: ld returned 1 exit status
make[1]: *** [cmTC_22e01] Error 1
make[1]: Leaving directory `/home/grafue/catkin_ws/src/ORB_SLAM2/Examples/ROS/orb_slam2/cmake-build-debug/CMakeFiles/CMakeTmp'
make: *** [cmTC_22e01/fast] Error 2

File /home/grafue/catkin_ws/src/ORB_SLAM2/Examples/ROS/orb_slam2/cmake-build-debug/CMakeFiles/CMakeTmp/CheckSymbolExists.c:
/* */
#include <pthread.h>

int main(int argc, char** argv)
{
  (void)argv;
#ifndef pthread_create
  return ((int*)(&pthread_create))[argc];
#else
  (void)argc;
  return 0;
#endif
}

Determining if the function pthread_create exists in the pthreads failed with the following output:
Change Dir: /home/grafue/catkin_ws/src/ORB_SLAM2/Examples/ROS/orb_slam2/cmake-build-debug/CMakeFiles/CMakeTmp

Run Build Command:"/usr/bin/make" "cmTC_66258/fast"
/usr/bin/make -f CMakeFiles/cmTC_66258.dir/build.make CMakeFiles/cmTC_66258.dir/build
make[1]: Entering directory `/home/grafue/catkin_ws/src/ORB_SLAM2/Examples/ROS/orb_slam2/cmake-build-debug/CMakeFiles/CMakeTmp'
Building C object CMakeFiles/cmTC_66258.dir/CheckFunctionExists.c.o
/usr/bin/cc    -DCHECK_FUNCTION_EXISTS=pthread_create   -o CMakeFiles/cmTC_66258.dir/CheckFunctionExists.c.o   -c /home/grafue/clion-2016.2.3/bin/cmake/share/cmake-3.6/Modules/CheckFunctionExists.c
Linking C executable cmTC_66258
/home/grafue/clion-2016.2.3/bin/cmake/bin/cmake -E cmake_link_script CMakeFiles/cmTC_66258.dir/link.txt --verbose=1
/usr/bin/cc   -DCHECK_FUNCTION_EXISTS=pthread_create    CMakeFiles/cmTC_66258.dir/CheckFunctionExists.c.o  -o cmTC_66258 -rdynamic -lpthreads 
/usr/bin/ld: cannot find -lpthreads
collect2: error: ld returned 1 exit status
make[1]: *** [cmTC_66258] Error 1
make[1]: Leaving directory `/home/grafue/catkin_ws/src/ORB_SLAM2/Examples/ROS/orb_slam2/cmake-build-debug/CMakeFiles/CMakeTmp'
make: *** [cmTC_66258/fast] Error 2


